ud851-Exercises/Lesson10-Hydration-Reminder/T10.06-Exercise-StickyBroadcastForCharging/app/build/intermediates/manifest_merge_blame_file/debug/manifest-merger-blame-debug-report.txt
1<?xml version="1.0" encoding="utf-8"?>
2<manifest xmlns:android="http://schemas.android.com/apk/res/android"
3    package="com.example.android.background"
4    android:versionCode="1"
5    android:versionName="1.0" >
6
7    <uses-sdk
8        android:minSdkVersion="14"
8-->src/main/AndroidManifest.xml
9        android:targetSdkVersion="26" />
9-->src/main/AndroidManifest.xml
10
11    <uses-permission android:name="android.permission.VIBRATE" />
11-->src/main/AndroidManifest.xml:5:5-66
11-->src/main/AndroidManifest.xml:5:22-63
12
13    <application
13-->src/main/AndroidManifest.xml:6:5-38:19
14        android:allowBackup="true"
14-->src/main/AndroidManifest.xml:7:9-35
15        android:appComponentFactory="android.support.v4.app.CoreComponentFactory"
15-->[com.android.support:support-compat:28.0.0] AndroidManifest.xml:22:18-91
16        android:debuggable="true"
17        android:icon="@mipmap/ic_launcher"
17-->src/main/AndroidManifest.xml:8:9-43
18        android:label="@string/app_name"
18-->src/main/AndroidManifest.xml:9:9-41
19        android:supportsRtl="true"
19-->src/main/AndroidManifest.xml:10:9-35
20        android:testOnly="true"
21        android:theme="@style/AppTheme" >
21-->src/main/AndroidManifest.xml:11:9-40
22        <activity
22-->src/main/AndroidManifest.xml:12:9-21:20
23            android:name="com.example.android.background.MainActivity"
23-->src/main/AndroidManifest.xml:13:13-41
24            android:launchMode="singleTop"
24-->src/main/AndroidManifest.xml:14:13-43
25            android:screenOrientation="portrait" >
25-->src/main/AndroidManifest.xml:15:13-49
26            <intent-filter>
26-->src/main/AndroidManifest.xml:16:13-20:29
27                <action android:name="android.intent.action.MAIN" />
27-->src/main/AndroidManifest.xml:17:17-68
27-->src/main/AndroidManifest.xml:17:25-66
28
29                <category android:name="android.intent.category.LAUNCHER" />
29-->src/main/AndroidManifest.xml:19:17-76
29-->src/main/AndroidManifest.xml:19:27-74
30            </intent-filter>
31        </activity>
32
33        <!-- This is required for immediate syncs -->
34        <service
34-->src/main/AndroidManifest.xml:24:9-26:39
35            android:name="com.example.android.background.sync.WaterReminderIntentService"
35-->src/main/AndroidManifest.xml:25:13-60
36            android:exported="false" />
36-->src/main/AndroidManifest.xml:26:13-37
37
38        <!-- This is the Service declaration used in conjunction with FirebaseJobDispatcher -->
39        <service
39-->src/main/AndroidManifest.xml:29:9-35:19
40            android:name="com.example.android.background.sync.WaterReminderFirebaseJobService"
40-->src/main/AndroidManifest.xml:30:13-65
41            android:exported="false" >
41-->src/main/AndroidManifest.xml:31:13-37
42            <intent-filter>
42-->src/main/AndroidManifest.xml:32:13-34:29
43                <action android:name="com.firebase.jobdispatcher.ACTION_EXECUTE" />
43-->src/main/AndroidManifest.xml:33:17-83
43-->src/main/AndroidManifest.xml:33:25-81
44            </intent-filter>
45        </service>
46
47        <!--
48             Receives GooglePlay execution requests and forwards them to the
49             appropriate internal service.
50        -->
51        <service
51-->[com.firebase:firebase-jobdispatcher:0.8.5] AndroidManifest.xml:32:9-39:19
52            android:name="com.firebase.jobdispatcher.GooglePlayReceiver"
52-->[com.firebase:firebase-jobdispatcher:0.8.5] AndroidManifest.xml:33:13-73
53            android:exported="true"
53-->[com.firebase:firebase-jobdispatcher:0.8.5] AndroidManifest.xml:34:13-36
54            android:permission="com.google.android.gms.permission.BIND_NETWORK_TASK_SERVICE" >
54-->[com.firebase:firebase-jobdispatcher:0.8.5] AndroidManifest.xml:35:13-93
55            <intent-filter>
55-->[com.firebase:firebase-jobdispatcher:0.8.5] AndroidManifest.xml:36:13-38:29
56                <action android:name="com.google.android.gms.gcm.ACTION_TASK_READY" />
56-->[com.firebase:firebase-jobdispatcher:0.8.5] AndroidManifest.xml:37:17-87
56-->[com.firebase:firebase-jobdispatcher:0.8.5] AndroidManifest.xml:37:25-84
57            </intent-filter>
58        </service>
59    </application>
60
61</manifest>